[debug] [2018-05-22T22:12:59.284Z] ----------------------------------------------------------------------
[debug] [2018-05-22T22:12:59.285Z] Command:       C:\Program Files\nodejs\node.exe C:\Users\Alex Lafeuille\AppData\Roaming\npm\node_modules\firebase-tools\bin\firebase deploy
[debug] [2018-05-22T22:12:59.285Z] CLI Version:   3.18.5
[debug] [2018-05-22T22:12:59.285Z] Platform:      win32
[debug] [2018-05-22T22:12:59.285Z] Node Version:  v8.9.4
[debug] [2018-05-22T22:12:59.286Z] Time:          Wed May 23 2018 00:12:59 GMT+0200 (Paris, Madrid (heure d’été))
[debug] [2018-05-22T22:12:59.286Z] ----------------------------------------------------------------------
[debug] 
[debug] [2018-05-22T22:12:59.294Z] > command requires scopes: ["email","openid","https://www.googleapis.com/auth/cloudplatformprojects.readonly","https://www.googleapis.com/auth/firebase","https://www.googleapis.com/auth/cloud-platform"]
[debug] [2018-05-22T22:12:59.294Z] > authorizing via signed-in user
[debug] [2018-05-22T22:12:59.295Z] > refreshing access token with scopes: ["email","https://www.googleapis.com/auth/cloud-platform","https://www.googleapis.com/auth/cloudplatformprojects.readonly","https://www.googleapis.com/auth/firebase","openid"]
[debug] [2018-05-22T22:12:59.295Z] >>> HTTP REQUEST POST https://www.googleapis.com/oauth2/v3/token  
 { refresh_token: '1/_rp63rjD48_k-nC4CM9avzccIncjlQoFh_gGLvuQxBU',
  client_id: '563584335869-fgrhgmd47bqnekij5i8b5pr03ho849e6.apps.googleusercontent.com',
  client_secret: 'j9iVZfS8kkCEFUPaAeJV0sAi',
  grant_type: 'refresh_token',
  scope: 'email https://www.googleapis.com/auth/cloud-platform https://www.googleapis.com/auth/cloudplatformprojects.readonly https://www.googleapis.com/auth/firebase openid' } 
 Wed May 23 2018 00:12:59 GMT+0200 (Paris, Madrid (heure d’été))
[debug] [2018-05-22T22:12:59.435Z] <<< HTTP RESPONSE 200
[debug] [2018-05-22T22:12:59.446Z] >>> HTTP REQUEST GET https://admin.firebase.com/v1/projects/astoria-webdoc  
  
 Wed May 23 2018 00:12:59 GMT+0200 (Paris, Madrid (heure d’été))
[debug] [2018-05-22T22:13:00.041Z] <<< HTTP RESPONSE 200
[debug] [2018-05-22T22:13:00.042Z] >>> HTTP REQUEST GET https://admin.firebase.com/v1/database/astoria-webdoc/tokens  
  
 Wed May 23 2018 00:13:00 GMT+0200 (Paris, Madrid (heure d’été))
[debug] [2018-05-22T22:13:01.072Z] <<< HTTP RESPONSE 200
[info] 
[info] === Deploying to 'astoria-webdoc'...
[info] 
[info] i  deploying hosting
[info] i  hosting: preparing dist directory for upload...
[debug] [2018-05-22T22:13:19.691Z] >>> HTTP REQUEST PUT https://deploy.firebase.com/v1/hosting/astoria-webdoc/uploads/-LD8uQ6yG9kRKtHOzZ66?fileCount=124&message=  
  
 Wed May 23 2018 00:13:19 GMT+0200 (Paris, Madrid (heure d’été))
[debug] [2018-05-22T22:18:34.596Z] ----------------------------------------------------------------------
[debug] [2018-05-22T22:18:34.598Z] Command:       C:\Program Files\nodejs\node.exe C:\Users\Alex Lafeuille\AppData\Roaming\npm\node_modules\firebase-tools\bin\firebase deploy
[debug] [2018-05-22T22:18:34.598Z] CLI Version:   3.18.5
[debug] [2018-05-22T22:18:34.598Z] Platform:      win32
[debug] [2018-05-22T22:18:34.598Z] Node Version:  v8.9.4
[debug] [2018-05-22T22:18:34.599Z] Time:          Wed May 23 2018 00:18:34 GMT+0200 (Paris, Madrid (heure d’été))
[debug] [2018-05-22T22:18:34.599Z] ----------------------------------------------------------------------
[debug] 
[debug] [2018-05-22T22:18:34.608Z] > command requires scopes: ["email","openid","https://www.googleapis.com/auth/cloudplatformprojects.readonly","https://www.googleapis.com/auth/firebase","https://www.googleapis.com/auth/cloud-platform"]
[debug] [2018-05-22T22:18:34.608Z] > authorizing via signed-in user
[debug] [2018-05-22T22:18:34.609Z] >>> HTTP REQUEST GET https://admin.firebase.com/v1/projects/astoria-webdoc  
  
 Wed May 23 2018 00:18:34 GMT+0200 (Paris, Madrid (heure d’été))
[debug] [2018-05-22T22:18:35.219Z] <<< HTTP RESPONSE 200
[debug] [2018-05-22T22:18:35.220Z] >>> HTTP REQUEST GET https://admin.firebase.com/v1/database/astoria-webdoc/tokens  
  
 Wed May 23 2018 00:18:35 GMT+0200 (Paris, Madrid (heure d’été))
[debug] [2018-05-22T22:18:35.768Z] <<< HTTP RESPONSE 200
[info] 
[info] === Deploying to 'astoria-webdoc'...
[info] 
[info] i  deploying hosting
[info] i  hosting: preparing ./dist directory for upload...
[debug] [2018-05-22T22:18:53.774Z] >>> HTTP REQUEST PUT https://deploy.firebase.com/v1/hosting/astoria-webdoc/uploads/-LD8vgpcD9oa7uANWpgZ?fileCount=124&message=  
  
 Wed May 23 2018 00:18:53 GMT+0200 (Paris, Madrid (heure d’été))
[debug] [2018-05-22T22:21:14.365Z] ----------------------------------------------------------------------
[debug] [2018-05-22T22:21:14.368Z] Command:       C:\Program Files\nodejs\node.exe C:\Users\Alex Lafeuille\AppData\Roaming\npm\node_modules\firebase-tools\bin\firebase deploy
[debug] [2018-05-22T22:21:14.368Z] CLI Version:   3.18.5
[debug] [2018-05-22T22:21:14.368Z] Platform:      win32
[debug] [2018-05-22T22:21:14.368Z] Node Version:  v8.9.4
[debug] [2018-05-22T22:21:14.368Z] Time:          Wed May 23 2018 00:21:14 GMT+0200 (Paris, Madrid (heure d’été))
[debug] [2018-05-22T22:21:14.368Z] ----------------------------------------------------------------------
[debug] 
[debug] [2018-05-22T22:21:14.375Z] > command requires scopes: ["email","openid","https://www.googleapis.com/auth/cloudplatformprojects.readonly","https://www.googleapis.com/auth/firebase","https://www.googleapis.com/auth/cloud-platform"]
[debug] [2018-05-22T22:21:14.375Z] > authorizing via signed-in user
[debug] [2018-05-22T22:21:14.376Z] >>> HTTP REQUEST GET https://admin.firebase.com/v1/projects/astoria-webdoc  
  
 Wed May 23 2018 00:21:14 GMT+0200 (Paris, Madrid (heure d’été))
[debug] [2018-05-22T22:21:15.004Z] <<< HTTP RESPONSE 200
[debug] [2018-05-22T22:21:15.005Z] >>> HTTP REQUEST GET https://admin.firebase.com/v1/database/astoria-webdoc/tokens  
  
 Wed May 23 2018 00:21:15 GMT+0200 (Paris, Madrid (heure d’été))
[debug] [2018-05-22T22:21:15.517Z] <<< HTTP RESPONSE 200
[info] 
[info] === Deploying to 'astoria-webdoc'...
[info] 
[info] i  deploying hosting
[info] i  hosting: preparing ./dist directory for upload...
[debug] [2018-05-22T22:21:33.578Z] >>> HTTP REQUEST PUT https://deploy.firebase.com/v1/hosting/astoria-webdoc/uploads/-LD8wIpQvH5T3Qu7nDBo?fileCount=124&message=  
  
 Wed May 23 2018 00:21:33 GMT+0200 (Paris, Madrid (heure d’été))
[debug] [2018-05-22T22:22:58.806Z] ----------------------------------------------------------------------
[debug] [2018-05-22T22:22:58.809Z] Command:       C:\Program Files\nodejs\node.exe C:\Users\Alex Lafeuille\AppData\Roaming\npm\node_modules\firebase-tools\bin\firebase deploy
[debug] [2018-05-22T22:22:58.809Z] CLI Version:   3.18.5
[debug] [2018-05-22T22:22:58.809Z] Platform:      win32
[debug] [2018-05-22T22:22:58.809Z] Node Version:  v8.9.4
[debug] [2018-05-22T22:22:58.810Z] Time:          Wed May 23 2018 00:22:58 GMT+0200 (Paris, Madrid (heure d’été))
[debug] [2018-05-22T22:22:58.810Z] ----------------------------------------------------------------------
[debug] 
[debug] [2018-05-22T22:22:58.824Z] > command requires scopes: ["email","openid","https://www.googleapis.com/auth/cloudplatformprojects.readonly","https://www.googleapis.com/auth/firebase","https://www.googleapis.com/auth/cloud-platform"]
[debug] [2018-05-22T22:22:58.824Z] > authorizing via signed-in user
[debug] [2018-05-22T22:22:58.826Z] >>> HTTP REQUEST GET https://admin.firebase.com/v1/projects/astoria-webdoc  
  
 Wed May 23 2018 00:22:58 GMT+0200 (Paris, Madrid (heure d’été))
[debug] [2018-05-22T22:22:59.943Z] <<< HTTP RESPONSE 200
[debug] [2018-05-22T22:22:59.945Z] >>> HTTP REQUEST GET https://admin.firebase.com/v1/database/astoria-webdoc/tokens  
  
 Wed May 23 2018 00:22:59 GMT+0200 (Paris, Madrid (heure d’été))
[debug] [2018-05-22T22:23:00.894Z] <<< HTTP RESPONSE 200
[info] 
[info] === Deploying to 'astoria-webdoc'...
[info] 
[info] i  deploying hosting
[info] i  hosting: preparing dist directory for upload...
[debug] [2018-05-22T22:23:19.710Z] >>> HTTP REQUEST PUT https://deploy.firebase.com/v1/hosting/astoria-webdoc/uploads/-LD8whfwnnJ8Xw9JoBuQ?fileCount=124&message=  
  
 Wed May 23 2018 00:23:19 GMT+0200 (Paris, Madrid (heure d’été))
[debug] [2018-05-22T22:28:20.814Z] ----------------------------------------------------------------------
[debug] [2018-05-22T22:28:20.818Z] Command:       C:\Program Files\nodejs\node.exe C:\Users\Alex Lafeuille\AppData\Roaming\npm\node_modules\firebase-tools\bin\firebase deploy --debug
[debug] [2018-05-22T22:28:20.818Z] CLI Version:   3.18.5
[debug] [2018-05-22T22:28:20.818Z] Platform:      win32
[debug] [2018-05-22T22:28:20.818Z] Node Version:  v8.9.4
[debug] [2018-05-22T22:28:20.819Z] Time:          Wed May 23 2018 00:28:20 GMT+0200 (Paris, Madrid (heure d’été))
[debug] [2018-05-22T22:28:20.819Z] ----------------------------------------------------------------------
[debug] 
[debug] [2018-05-22T22:28:20.829Z] > command requires scopes: ["email","openid","https://www.googleapis.com/auth/cloudplatformprojects.readonly","https://www.googleapis.com/auth/firebase","https://www.googleapis.com/auth/cloud-platform"]
[debug] [2018-05-22T22:28:20.829Z] > authorizing via signed-in user
[debug] [2018-05-22T22:28:20.831Z] >>> HTTP REQUEST GET https://admin.firebase.com/v1/projects/astoria-webdoc  
  
 Wed May 23 2018 00:28:20 GMT+0200 (Paris, Madrid (heure d’été))
[debug] [2018-05-22T22:28:22.004Z] <<< HTTP RESPONSE 200
[debug] [2018-05-22T22:28:22.007Z] >>> HTTP REQUEST GET https://admin.firebase.com/v1/database/astoria-webdoc/tokens  
  
 Wed May 23 2018 00:28:22 GMT+0200 (Paris, Madrid (heure d’été))
[debug] [2018-05-22T22:28:22.819Z] <<< HTTP RESPONSE 200
[info] 
[info] === Deploying to 'astoria-webdoc'...
[info] 
[info] i  deploying hosting
[info] i  hosting: preparing dist directory for upload...
[debug] [2018-05-22T22:28:40.328Z] >>> HTTP REQUEST PUT https://deploy.firebase.com/v1/hosting/astoria-webdoc/uploads/-LD8xwJ5Gp2EHO-MaCsE?fileCount=124&message=  
  
 Wed May 23 2018 00:28:40 GMT+0200 (Paris, Madrid (heure d’été))
[debug] [2018-05-22T22:36:19.762Z] ----------------------------------------------------------------------
[debug] [2018-05-22T22:36:19.766Z] Command:       C:\Program Files\nodejs\node.exe C:\Users\Alex Lafeuille\AppData\Roaming\npm\node_modules\firebase-tools\bin\firebase deploy --debug
[debug] [2018-05-22T22:36:19.768Z] CLI Version:   3.18.5
[debug] [2018-05-22T22:36:19.768Z] Platform:      win32
[debug] [2018-05-22T22:36:19.768Z] Node Version:  v8.9.4
[debug] [2018-05-22T22:36:19.770Z] Time:          Wed May 23 2018 00:36:19 GMT+0200 (Paris, Madrid (heure d’été))
[debug] [2018-05-22T22:36:19.770Z] ----------------------------------------------------------------------
[debug] 
[debug] [2018-05-22T22:36:19.778Z] > command requires scopes: ["email","openid","https://www.googleapis.com/auth/cloudplatformprojects.readonly","https://www.googleapis.com/auth/firebase","https://www.googleapis.com/auth/cloud-platform"]
[debug] [2018-05-22T22:36:19.779Z] > authorizing via signed-in user
[debug] [2018-05-22T22:36:19.784Z] >>> HTTP REQUEST GET https://admin.firebase.com/v1/projects/astoria-webdoc  
  
 Wed May 23 2018 00:36:19 GMT+0200 (Paris, Madrid (heure d’été))
[debug] [2018-05-22T22:36:20.507Z] <<< HTTP RESPONSE 200
[debug] [2018-05-22T22:36:20.509Z] >>> HTTP REQUEST GET https://admin.firebase.com/v1/database/astoria-webdoc/tokens  
  
 Wed May 23 2018 00:36:20 GMT+0200 (Paris, Madrid (heure d’été))
[debug] [2018-05-22T22:36:21.022Z] <<< HTTP RESPONSE 200
[info] 
[info] === Deploying to 'astoria-webdoc'...
[info] 
[info] i  deploying hosting
[info] i  hosting: preparing dist directory for upload...
[debug] [2018-05-22T22:36:38.644Z] >>> HTTP REQUEST PUT https://deploy.firebase.com/v1/hosting/astoria-webdoc/uploads/-LD8zkuT-A9NClFBbBig?fileCount=124&message=  
  
 Wed May 23 2018 00:36:38 GMT+0200 (Paris, Madrid (heure d’été))
[debug] [2018-05-22T22:39:42.718Z] ----------------------------------------------------------------------
[debug] [2018-05-22T22:39:42.721Z] Command:       C:\Program Files\nodejs\node.exe C:\Users\Alex Lafeuille\AppData\Roaming\npm\node_modules\firebase-tools\bin\firebase deploy --debug
[debug] [2018-05-22T22:39:42.722Z] CLI Version:   3.18.5
[debug] [2018-05-22T22:39:42.723Z] Platform:      win32
[debug] [2018-05-22T22:39:42.723Z] Node Version:  v8.9.4
[debug] [2018-05-22T22:39:42.724Z] Time:          Wed May 23 2018 00:39:42 GMT+0200 (Paris, Madrid (heure d’été))
[debug] [2018-05-22T22:39:42.724Z] ----------------------------------------------------------------------
[debug] 
[debug] [2018-05-22T22:39:42.734Z] > command requires scopes: ["email","openid","https://www.googleapis.com/auth/cloudplatformprojects.readonly","https://www.googleapis.com/auth/firebase","https://www.googleapis.com/auth/cloud-platform"]
[debug] [2018-05-22T22:39:42.736Z] > authorizing via signed-in user
[debug] [2018-05-22T22:39:42.737Z] >>> HTTP REQUEST GET https://admin.firebase.com/v1/projects/astoria-webdoc  
  
 Wed May 23 2018 00:39:42 GMT+0200 (Paris, Madrid (heure d’été))
[debug] [2018-05-22T22:39:43.347Z] <<< HTTP RESPONSE 200
[debug] [2018-05-22T22:39:43.350Z] >>> HTTP REQUEST GET https://admin.firebase.com/v1/database/astoria-webdoc/tokens  
  
 Wed May 23 2018 00:39:43 GMT+0200 (Paris, Madrid (heure d’été))
[debug] [2018-05-22T22:39:43.879Z] <<< HTTP RESPONSE 200
[info] 
[info] === Deploying to 'astoria-webdoc'...
[info] 
[info] i  deploying hosting
[info] i  hosting: preparing public directory for upload...
[debug] [2018-05-22T22:39:44.540Z] >>> HTTP REQUEST PUT https://deploy.firebase.com/v1/hosting/astoria-webdoc/uploads/-LD9-XQs19OAiQ00_MCN?fileCount=16&message=  
  
 Wed May 23 2018 00:39:44 GMT+0200 (Paris, Madrid (heure d’été))
[debug] [2018-05-22T22:39:45.495Z] <<< HTTP RESPONSE 200
[debug] [2018-05-22T22:39:45.498Z] [hosting] .tgz uploaded successfully, waiting for extraction
[info] +  hosting: 16 files uploaded successfully
[debug] [2018-05-22T22:39:46.511Z] [hosting] deploy completed after 2008ms
[debug] [2018-05-22T22:39:46.512Z] >>> HTTP REQUEST POST https://deploy.firebase.com/v1/projects/astoria-webdoc/releases  
 { hosting: 
   { public: 'public',
     ignore: [ 'firebase.json', '**/.*', '**/node_modules/**' ],
     rewrites: [ [Object] ],
     version: '-LD9-XQs19OAiQ00_MCN',
     prefix: '-LD9-XQs19OAiQ00_MCN/',
     manifest: [] } } 
 Wed May 23 2018 00:39:46 GMT+0200 (Paris, Madrid (heure d’été))
[debug] [2018-05-22T22:39:47.662Z] <<< HTTP RESPONSE 200
[debug] [2018-05-22T22:40:56.863Z] ----------------------------------------------------------------------
[debug] [2018-05-22T22:40:56.867Z] Command:       C:\Program Files\nodejs\node.exe C:\Users\Alex Lafeuille\AppData\Roaming\npm\node_modules\firebase-tools\bin\firebase deploy --debug
[debug] [2018-05-22T22:40:56.869Z] CLI Version:   3.18.5
[debug] [2018-05-22T22:40:56.869Z] Platform:      win32
[debug] [2018-05-22T22:40:56.870Z] Node Version:  v8.9.4
[debug] [2018-05-22T22:40:56.870Z] Time:          Wed May 23 2018 00:40:56 GMT+0200 (Paris, Madrid (heure d’été))
[debug] [2018-05-22T22:40:56.871Z] ----------------------------------------------------------------------
[debug] 
[debug] [2018-05-22T22:40:56.880Z] > command requires scopes: ["email","openid","https://www.googleapis.com/auth/cloudplatformprojects.readonly","https://www.googleapis.com/auth/firebase","https://www.googleapis.com/auth/cloud-platform"]
[debug] [2018-05-22T22:40:56.881Z] > authorizing via signed-in user
[debug] [2018-05-22T22:40:56.883Z] >>> HTTP REQUEST GET https://admin.firebase.com/v1/projects/astoria-webdoc  
  
 Wed May 23 2018 00:40:56 GMT+0200 (Paris, Madrid (heure d’été))
[debug] [2018-05-22T22:40:57.486Z] <<< HTTP RESPONSE 200
[debug] [2018-05-22T22:40:57.487Z] >>> HTTP REQUEST GET https://admin.firebase.com/v1/database/astoria-webdoc/tokens  
  
 Wed May 23 2018 00:40:57 GMT+0200 (Paris, Madrid (heure d’été))
[debug] [2018-05-22T22:40:58.129Z] <<< HTTP RESPONSE 200
[info] 
[info] === Deploying to 'astoria-webdoc'...
[info] 
[info] i  deploying hosting
[info] i  hosting: preparing dist directory for upload...
[debug] [2018-05-22T22:41:16.598Z] >>> HTTP REQUEST PUT https://deploy.firebase.com/v1/hosting/astoria-webdoc/uploads/-LD9-oZ7rMbB6qUouPv3?fileCount=124&message=  
  
 Wed May 23 2018 00:41:16 GMT+0200 (Paris, Madrid (heure d’été))
[debug] [2018-05-22T22:42:16.960Z] ----------------------------------------------------------------------
[debug] [2018-05-22T22:42:16.965Z] Command:       C:\Program Files\nodejs\node.exe C:\Users\Alex Lafeuille\AppData\Roaming\npm\node_modules\firebase-tools\bin\firebase deploy --debug
[debug] [2018-05-22T22:42:16.966Z] CLI Version:   3.18.5
[debug] [2018-05-22T22:42:16.968Z] Platform:      win32
[debug] [2018-05-22T22:42:16.968Z] Node Version:  v8.9.4
[debug] [2018-05-22T22:42:16.969Z] Time:          Wed May 23 2018 00:42:16 GMT+0200 (Paris, Madrid (heure d’été))
[debug] [2018-05-22T22:42:16.970Z] ----------------------------------------------------------------------
[debug] 
[debug] [2018-05-22T22:42:16.979Z] > command requires scopes: ["email","openid","https://www.googleapis.com/auth/cloudplatformprojects.readonly","https://www.googleapis.com/auth/firebase","https://www.googleapis.com/auth/cloud-platform"]
[debug] [2018-05-22T22:42:16.980Z] > authorizing via signed-in user
[debug] [2018-05-22T22:42:16.985Z] >>> HTTP REQUEST GET https://admin.firebase.com/v1/projects/astoria-webdoc  
  
 Wed May 23 2018 00:42:16 GMT+0200 (Paris, Madrid (heure d’été))
[debug] [2018-05-22T22:42:17.597Z] <<< HTTP RESPONSE 200
[debug] [2018-05-22T22:42:17.600Z] >>> HTTP REQUEST GET https://admin.firebase.com/v1/database/astoria-webdoc/tokens  
  
 Wed May 23 2018 00:42:17 GMT+0200 (Paris, Madrid (heure d’été))
[debug] [2018-05-22T22:42:18.085Z] <<< HTTP RESPONSE 200
[info] 
[info] === Deploying to 'astoria-webdoc'...
[info] 
[info] i  deploying hosting
[info] i  hosting: preparing . directory for upload...
[warn] !  Warning: Public directory does not contain index.html
[debug] [2018-05-22T22:43:13.089Z] >>> HTTP REQUEST PUT https://deploy.firebase.com/v1/hosting/astoria-webdoc/uploads/-LD9074aBmgYENdV6H2F?fileCount=747&message=  
  
 Wed May 23 2018 00:43:13 GMT+0200 (Paris, Madrid (heure d’été))
[debug] [2018-05-22T22:45:25.261Z] ----------------------------------------------------------------------
[debug] [2018-05-22T22:45:25.263Z] Command:       C:\Program Files\nodejs\node.exe C:\Users\Alex Lafeuille\AppData\Roaming\npm\node_modules\firebase-tools\bin\firebase deploy
[debug] [2018-05-22T22:45:25.263Z] CLI Version:   3.18.5
[debug] [2018-05-22T22:45:25.263Z] Platform:      win32
[debug] [2018-05-22T22:45:25.263Z] Node Version:  v8.9.4
[debug] [2018-05-22T22:45:25.264Z] Time:          Wed May 23 2018 00:45:25 GMT+0200 (Paris, Madrid (heure d’été))
[debug] [2018-05-22T22:45:25.264Z] ----------------------------------------------------------------------
[debug] 
[debug] [2018-05-22T22:45:25.271Z] > command requires scopes: ["email","openid","https://www.googleapis.com/auth/cloudplatformprojects.readonly","https://www.googleapis.com/auth/firebase","https://www.googleapis.com/auth/cloud-platform"]
[debug] [2018-05-22T22:45:25.271Z] > authorizing via signed-in user
[debug] [2018-05-22T22:45:25.272Z] >>> HTTP REQUEST GET https://admin.firebase.com/v1/projects/astoria-webdoc  
  
 Wed May 23 2018 00:45:25 GMT+0200 (Paris, Madrid (heure d’été))
[debug] [2018-05-22T22:45:25.875Z] <<< HTTP RESPONSE 200
[debug] [2018-05-22T22:45:25.876Z] >>> HTTP REQUEST GET https://admin.firebase.com/v1/database/astoria-webdoc/tokens  
  
 Wed May 23 2018 00:45:25 GMT+0200 (Paris, Madrid (heure d’été))
[debug] [2018-05-22T22:45:26.397Z] <<< HTTP RESPONSE 200
[info] 
[info] === Deploying to 'astoria-webdoc'...
[info] 
[info] i  deploying hosting
[info] i  hosting: preparing dist directory for upload...
[debug] [2018-05-22T22:45:36.433Z] ----------------------------------------------------------------------
[debug] [2018-05-22T22:45:36.437Z] Command:       C:\Program Files\nodejs\node.exe C:\Users\Alex Lafeuille\AppData\Roaming\npm\node_modules\firebase-tools\bin\firebase deploy --debug
[debug] [2018-05-22T22:45:36.440Z] CLI Version:   3.18.5
[debug] [2018-05-22T22:45:36.441Z] Platform:      win32
[debug] [2018-05-22T22:45:36.441Z] Node Version:  v8.9.4
[debug] [2018-05-22T22:45:36.442Z] Time:          Wed May 23 2018 00:45:36 GMT+0200 (Paris, Madrid (heure d’été))
[debug] [2018-05-22T22:45:36.442Z] ----------------------------------------------------------------------
[debug] 
[debug] [2018-05-22T22:45:36.450Z] > command requires scopes: ["email","openid","https://www.googleapis.com/auth/cloudplatformprojects.readonly","https://www.googleapis.com/auth/firebase","https://www.googleapis.com/auth/cloud-platform"]
[debug] [2018-05-22T22:45:36.451Z] > authorizing via signed-in user
[debug] [2018-05-22T22:45:36.455Z] >>> HTTP REQUEST GET https://admin.firebase.com/v1/projects/astoria-webdoc  
  
 Wed May 23 2018 00:45:36 GMT+0200 (Paris, Madrid (heure d’été))
[debug] [2018-05-22T22:45:37.007Z] <<< HTTP RESPONSE 200
[debug] [2018-05-22T22:45:37.010Z] >>> HTTP REQUEST GET https://admin.firebase.com/v1/database/astoria-webdoc/tokens  
  
 Wed May 23 2018 00:45:37 GMT+0200 (Paris, Madrid (heure d’été))
[debug] [2018-05-22T22:45:37.508Z] <<< HTTP RESPONSE 200
[info] 
[info] === Deploying to 'astoria-webdoc'...
[info] 
[info] i  deploying hosting
[info] i  hosting: preparing dist directory for upload...
[debug] [2018-05-22T22:45:54.101Z] >>> HTTP REQUEST PUT https://deploy.firebase.com/v1/hosting/astoria-webdoc/uploads/-LD90sljZsEgsPK61n5c?fileCount=124&message=  
  
 Wed May 23 2018 00:45:54 GMT+0200 (Paris, Madrid (heure d’été))
[debug] [2018-05-22T22:47:03.433Z] ----------------------------------------------------------------------
[debug] [2018-05-22T22:47:03.436Z] Command:       C:\Program Files\nodejs\node.exe C:\Users\Alex Lafeuille\AppData\Roaming\npm\node_modules\firebase-tools\bin\firebase deploy --debug
[debug] [2018-05-22T22:47:03.437Z] CLI Version:   3.18.5
[debug] [2018-05-22T22:47:03.437Z] Platform:      win32
[debug] [2018-05-22T22:47:03.437Z] Node Version:  v8.9.4
[debug] [2018-05-22T22:47:03.439Z] Time:          Wed May 23 2018 00:47:03 GMT+0200 (Paris, Madrid (heure d’été))
[debug] [2018-05-22T22:47:03.440Z] ----------------------------------------------------------------------
[debug] 
[debug] [2018-05-22T22:47:03.450Z] > command requires scopes: ["email","openid","https://www.googleapis.com/auth/cloudplatformprojects.readonly","https://www.googleapis.com/auth/firebase","https://www.googleapis.com/auth/cloud-platform"]
[debug] [2018-05-22T22:47:03.450Z] > authorizing via signed-in user
[debug] [2018-05-22T22:47:03.453Z] >>> HTTP REQUEST GET https://admin.firebase.com/v1/projects/astoria-webdoc  
  
 Wed May 23 2018 00:47:03 GMT+0200 (Paris, Madrid (heure d’été))
[debug] [2018-05-22T22:47:04.059Z] <<< HTTP RESPONSE 200
[debug] [2018-05-22T22:47:04.062Z] >>> HTTP REQUEST GET https://admin.firebase.com/v1/database/astoria-webdoc/tokens  
  
 Wed May 23 2018 00:47:04 GMT+0200 (Paris, Madrid (heure d’été))
[debug] [2018-05-22T22:47:04.573Z] <<< HTTP RESPONSE 200
[info] 
[info] === Deploying to 'astoria-webdoc'...
[info] 
[info] i  deploying hosting
[info] i  hosting: preparing dist directory for upload...
[debug] [2018-05-22T22:47:21.346Z] >>> HTTP REQUEST PUT https://deploy.firebase.com/v1/hosting/astoria-webdoc/uploads/-LD91D0on0SzTtfOBNfu?fileCount=124&message=  
  
 Wed May 23 2018 00:47:21 GMT+0200 (Paris, Madrid (heure d’été))
[debug] [2018-05-22T22:53:49.406Z] ----------------------------------------------------------------------
[debug] [2018-05-22T22:53:49.409Z] Command:       C:\Program Files\nodejs\node.exe C:\Users\Alex Lafeuille\AppData\Roaming\npm\node_modules\firebase-tools\bin\firebase deploy --debug
[debug] [2018-05-22T22:53:49.410Z] CLI Version:   3.18.5
[debug] [2018-05-22T22:53:49.410Z] Platform:      win32
[debug] [2018-05-22T22:53:49.410Z] Node Version:  v8.9.4
[debug] [2018-05-22T22:53:49.411Z] Time:          Wed May 23 2018 00:53:49 GMT+0200 (Paris, Madrid (heure d’été))
[debug] [2018-05-22T22:53:49.412Z] ----------------------------------------------------------------------
[debug] 
[debug] [2018-05-22T22:53:49.424Z] > command requires scopes: ["email","openid","https://www.googleapis.com/auth/cloudplatformprojects.readonly","https://www.googleapis.com/auth/firebase","https://www.googleapis.com/auth/cloud-platform"]
[debug] [2018-05-22T22:53:49.425Z] > authorizing via signed-in user
[debug] [2018-05-22T22:53:49.427Z] >>> HTTP REQUEST GET https://admin.firebase.com/v1/projects/astoria-webdoc  
  
 Wed May 23 2018 00:53:49 GMT+0200 (Paris, Madrid (heure d’été))
[debug] [2018-05-22T22:53:50.119Z] <<< HTTP RESPONSE 200
[debug] [2018-05-22T22:53:50.122Z] >>> HTTP REQUEST GET https://admin.firebase.com/v1/database/astoria-webdoc/tokens  
  
 Wed May 23 2018 00:53:50 GMT+0200 (Paris, Madrid (heure d’été))
[debug] [2018-05-22T22:53:50.623Z] <<< HTTP RESPONSE 200
[info] 
[info] === Deploying to 'astoria-webdoc'...
[info] 
[info] i  deploying hosting
[info] i  hosting: preparing dist directory for upload...
[debug] [2018-05-22T22:54:08.583Z] >>> HTTP REQUEST PUT https://deploy.firebase.com/v1/hosting/astoria-webdoc/uploads/-LD92l9pzBK9ep2qgqhn?fileCount=124&message=  
  
 Wed May 23 2018 00:54:08 GMT+0200 (Paris, Madrid (heure d’été))
[debug] [2018-05-22T22:56:54.841Z] ----------------------------------------------------------------------
[debug] [2018-05-22T22:56:54.845Z] Command:       C:\Program Files\nodejs\node.exe C:\Users\Alex Lafeuille\AppData\Roaming\npm\node_modules\firebase-tools\bin\firebase deploy --debug
[debug] [2018-05-22T22:56:54.846Z] CLI Version:   3.18.5
[debug] [2018-05-22T22:56:54.849Z] Platform:      win32
[debug] [2018-05-22T22:56:54.850Z] Node Version:  v8.9.4
[debug] [2018-05-22T22:56:54.851Z] Time:          Wed May 23 2018 00:56:54 GMT+0200 (Paris, Madrid (heure d’été))
[debug] [2018-05-22T22:56:54.851Z] ----------------------------------------------------------------------
[debug] 
[debug] [2018-05-22T22:56:54.861Z] > command requires scopes: ["email","openid","https://www.googleapis.com/auth/cloudplatformprojects.readonly","https://www.googleapis.com/auth/firebase","https://www.googleapis.com/auth/cloud-platform"]
[debug] [2018-05-22T22:56:54.861Z] > authorizing via signed-in user
[debug] [2018-05-22T22:56:54.864Z] >>> HTTP REQUEST GET https://admin.firebase.com/v1/projects/astoria-webdoc  
  
 Wed May 23 2018 00:56:54 GMT+0200 (Paris, Madrid (heure d’été))
[debug] [2018-05-22T22:56:55.487Z] <<< HTTP RESPONSE 200
[debug] [2018-05-22T22:56:55.490Z] >>> HTTP REQUEST GET https://admin.firebase.com/v1/database/astoria-webdoc/tokens  
  
 Wed May 23 2018 00:56:55 GMT+0200 (Paris, Madrid (heure d’été))
[debug] [2018-05-22T22:56:56.044Z] <<< HTTP RESPONSE 200
[info] 
[info] === Deploying to 'astoria-webdoc'...
[info] 
[info] i  deploying hosting
[info] i  hosting: preparing dist directory for upload...
[debug] [2018-05-22T22:57:14.180Z] >>> HTTP REQUEST PUT https://deploy.firebase.com/v1/hosting/astoria-webdoc/uploads/-LD93TQseAMt-CFFxkFI?fileCount=124&message=  
  
 Wed May 23 2018 00:57:14 GMT+0200 (Paris, Madrid (heure d’été))
[debug] [2018-05-22T23:08:06.988Z] <<< HTTP RESPONSE 200
[debug] [2018-05-22T23:08:07.106Z] [hosting] .tgz uploaded successfully, waiting for extraction
[info] +  hosting: 124 files uploaded successfully
[debug] [2018-05-22T23:08:07.677Z] [hosting] deploy completed after 670994ms
[debug] [2018-05-22T23:08:08.089Z] > refreshing access token with scopes: ["email","https://www.googleapis.com/auth/cloud-platform","https://www.googleapis.com/auth/cloudplatformprojects.readonly","https://www.googleapis.com/auth/firebase","openid"]
[debug] [2018-05-22T23:08:08.092Z] >>> HTTP REQUEST POST https://www.googleapis.com/oauth2/v3/token  
 { refresh_token: '1/_rp63rjD48_k-nC4CM9avzccIncjlQoFh_gGLvuQxBU',
  client_id: '563584335869-fgrhgmd47bqnekij5i8b5pr03ho849e6.apps.googleusercontent.com',
  client_secret: 'j9iVZfS8kkCEFUPaAeJV0sAi',
  grant_type: 'refresh_token',
  scope: 'email https://www.googleapis.com/auth/cloud-platform https://www.googleapis.com/auth/cloudplatformprojects.readonly https://www.googleapis.com/auth/firebase openid' } 
 Wed May 23 2018 01:08:08 GMT+0200 (Paris, Madrid (heure d’été))
[debug] [2018-05-22T23:08:08.970Z] <<< HTTP RESPONSE 200
[debug] [2018-05-22T23:08:10.018Z] >>> HTTP REQUEST POST https://deploy.firebase.com/v1/projects/astoria-webdoc/releases  
 { hosting: 
   { public: 'dist',
     ignore: [ 'firebase.json', '**/.*', '**/node_modules/**' ],
     rewrites: [ [Object] ],
     version: '-LD93TQseAMt-CFFxkFI',
     prefix: '-LD93TQseAMt-CFFxkFI/',
     manifest: [] } } 
 Wed May 23 2018 01:08:10 GMT+0200 (Paris, Madrid (heure d’été))
[debug] [2018-05-22T23:08:11.399Z] <<< HTTP RESPONSE 200
[debug] [2018-05-22T23:11:08.921Z] ----------------------------------------------------------------------
[debug] [2018-05-22T23:11:08.925Z] Command:       C:\Program Files\nodejs\node.exe C:\Users\Alex Lafeuille\AppData\Roaming\npm\node_modules\firebase-tools\bin\firebase deploy --debug
[debug] [2018-05-22T23:11:08.925Z] CLI Version:   3.18.5
[debug] [2018-05-22T23:11:08.925Z] Platform:      win32
[debug] [2018-05-22T23:11:08.925Z] Node Version:  v8.9.4
[debug] [2018-05-22T23:11:08.926Z] Time:          Wed May 23 2018 01:11:08 GMT+0200 (Paris, Madrid (heure d’été))
[debug] [2018-05-22T23:11:08.926Z] ----------------------------------------------------------------------
[debug] 
[debug] [2018-05-22T23:11:08.938Z] > command requires scopes: ["email","openid","https://www.googleapis.com/auth/cloudplatformprojects.readonly","https://www.googleapis.com/auth/firebase","https://www.googleapis.com/auth/cloud-platform"]
[debug] [2018-05-22T23:11:08.939Z] > authorizing via signed-in user
[debug] [2018-05-22T23:11:08.941Z] >>> HTTP REQUEST GET https://admin.firebase.com/v1/projects/astoria-webdoc  
  
 Wed May 23 2018 01:11:08 GMT+0200 (Paris, Madrid (heure d’été))
[debug] [2018-05-22T23:11:09.579Z] <<< HTTP RESPONSE 200
[debug] [2018-05-22T23:11:09.584Z] >>> HTTP REQUEST GET https://admin.firebase.com/v1/database/astoria-webdoc/tokens  
  
 Wed May 23 2018 01:11:09 GMT+0200 (Paris, Madrid (heure d’été))
[debug] [2018-05-22T23:11:10.158Z] <<< HTTP RESPONSE 200
[info] 
[info] === Deploying to 'astoria-webdoc'...
[info] 
[info] i  deploying hosting
[info] i  hosting: preparing dist directory for upload...
[debug] [2018-05-22T23:11:27.051Z] >>> HTTP REQUEST PUT https://deploy.firebase.com/v1/hosting/astoria-webdoc/uploads/-LD96iyT_v8rqtM7WL2Y?fileCount=124&message=  
  
 Wed May 23 2018 01:11:27 GMT+0200 (Paris, Madrid (heure d’été))
[debug] [2018-05-22T23:22:38.151Z] <<< HTTP RESPONSE 200
[debug] [2018-05-22T23:22:38.156Z] [hosting] .tgz uploaded successfully, waiting for extraction
[info] +  hosting: 124 files uploaded successfully
[debug] [2018-05-22T23:22:39.001Z] [hosting] deploy completed after 688149ms
[debug] [2018-05-22T23:22:39.012Z] >>> HTTP REQUEST POST https://deploy.firebase.com/v1/projects/astoria-webdoc/releases  
 { hosting: 
   { public: 'dist',
     ignore: [ 'firebase.json', '**/.*', '**/node_modules/**' ],
     rewrites: [ [Object] ],
     version: '-LD96iyT_v8rqtM7WL2Y',
     prefix: '-LD96iyT_v8rqtM7WL2Y/',
     manifest: [] } } 
 Wed May 23 2018 01:22:39 GMT+0200 (Paris, Madrid (heure d’été))
[debug] [2018-05-22T23:22:40.279Z] <<< HTTP RESPONSE 200
[debug] [2018-05-22T23:57:02.871Z] ----------------------------------------------------------------------
[debug] [2018-05-22T23:57:02.880Z] Command:       C:\Program Files\nodejs\node.exe C:\Users\Alex Lafeuille\AppData\Roaming\npm\node_modules\firebase-tools\bin\firebase deploy --debug
[debug] [2018-05-22T23:57:02.882Z] CLI Version:   3.18.5
[debug] [2018-05-22T23:57:02.884Z] Platform:      win32
[debug] [2018-05-22T23:57:02.884Z] Node Version:  v8.9.4
[debug] [2018-05-22T23:57:02.886Z] Time:          Wed May 23 2018 01:57:02 GMT+0200 (Paris, Madrid (heure d’été))
[debug] [2018-05-22T23:57:02.886Z] ----------------------------------------------------------------------
[debug] 
[debug] [2018-05-22T23:57:02.900Z] > command requires scopes: ["email","openid","https://www.googleapis.com/auth/cloudplatformprojects.readonly","https://www.googleapis.com/auth/firebase","https://www.googleapis.com/auth/cloud-platform"]
[debug] [2018-05-22T23:57:02.901Z] > authorizing via signed-in user
[debug] [2018-05-22T23:57:02.904Z] > refreshing access token with scopes: ["email","https://www.googleapis.com/auth/cloud-platform","https://www.googleapis.com/auth/cloudplatformprojects.readonly","https://www.googleapis.com/auth/firebase","openid"]
[debug] [2018-05-22T23:57:02.905Z] >>> HTTP REQUEST POST https://www.googleapis.com/oauth2/v3/token  
 { refresh_token: '1/_rp63rjD48_k-nC4CM9avzccIncjlQoFh_gGLvuQxBU',
  client_id: '563584335869-fgrhgmd47bqnekij5i8b5pr03ho849e6.apps.googleusercontent.com',
  client_secret: 'j9iVZfS8kkCEFUPaAeJV0sAi',
  grant_type: 'refresh_token',
  scope: 'email https://www.googleapis.com/auth/cloud-platform https://www.googleapis.com/auth/cloudplatformprojects.readonly https://www.googleapis.com/auth/firebase openid' } 
 Wed May 23 2018 01:57:02 GMT+0200 (Paris, Madrid (heure d’été))
[debug] [2018-05-22T23:57:03.095Z] <<< HTTP RESPONSE 200
[debug] [2018-05-22T23:57:03.111Z] >>> HTTP REQUEST GET https://admin.firebase.com/v1/projects/astoria-webdoc  
  
 Wed May 23 2018 01:57:03 GMT+0200 (Paris, Madrid (heure d’été))
[debug] [2018-05-22T23:57:03.728Z] <<< HTTP RESPONSE 200
[debug] [2018-05-22T23:57:03.732Z] >>> HTTP REQUEST GET https://admin.firebase.com/v1/database/astoria-webdoc/tokens  
  
 Wed May 23 2018 01:57:03 GMT+0200 (Paris, Madrid (heure d’été))
[debug] [2018-05-22T23:57:04.208Z] <<< HTTP RESPONSE 200
[info] 
[info] === Deploying to 'astoria-webdoc'...
[info] 
[info] i  deploying hosting
[info] i  hosting: preparing dist directory for upload...
[debug] [2018-05-22T23:57:25.915Z] >>> HTTP REQUEST PUT https://deploy.firebase.com/v1/hosting/astoria-webdoc/uploads/-LD9HELq1RraPiUw9Nm5?fileCount=124&message=  
  
 Wed May 23 2018 01:57:25 GMT+0200 (Paris, Madrid (heure d’été))
[debug] [2018-05-23T00:03:29.425Z] ----------------------------------------------------------------------
[debug] [2018-05-23T00:03:29.429Z] Command:       C:\Program Files\nodejs\node.exe C:\Users\Alex Lafeuille\AppData\Roaming\npm\node_modules\firebase-tools\bin\firebase deploy --debug
[debug] [2018-05-23T00:03:29.432Z] CLI Version:   3.18.5
[debug] [2018-05-23T00:03:29.432Z] Platform:      win32
[debug] [2018-05-23T00:03:29.459Z] Node Version:  v8.9.4
[debug] [2018-05-23T00:03:29.462Z] Time:          Wed May 23 2018 02:03:29 GMT+0200 (Paris, Madrid (heure d’été))
[debug] [2018-05-23T00:03:29.464Z] ----------------------------------------------------------------------
[debug] 
[debug] [2018-05-23T00:03:29.478Z] > command requires scopes: ["email","openid","https://www.googleapis.com/auth/cloudplatformprojects.readonly","https://www.googleapis.com/auth/firebase","https://www.googleapis.com/auth/cloud-platform"]
[debug] [2018-05-23T00:03:29.479Z] > authorizing via signed-in user
[debug] [2018-05-23T00:03:29.483Z] >>> HTTP REQUEST GET https://admin.firebase.com/v1/projects/astoria-webdoc  
  
 Wed May 23 2018 02:03:29 GMT+0200 (Paris, Madrid (heure d’été))
[debug] [2018-05-23T00:03:30.145Z] <<< HTTP RESPONSE 200
[debug] [2018-05-23T00:03:30.147Z] >>> HTTP REQUEST GET https://admin.firebase.com/v1/database/astoria-webdoc/tokens  
  
 Wed May 23 2018 02:03:30 GMT+0200 (Paris, Madrid (heure d’été))
[debug] [2018-05-23T00:03:30.648Z] <<< HTTP RESPONSE 200
[info] 
[info] === Deploying to 'astoria-webdoc'...
[info] 
[info] i  deploying hosting
[info] i  hosting: preparing dist directory for upload...
[debug] [2018-05-23T00:03:47.859Z] >>> HTTP REQUEST PUT https://deploy.firebase.com/v1/hosting/astoria-webdoc/uploads/-LD9IhgXuwP6V8O_g9si?fileCount=124&message=  
  
 Wed May 23 2018 02:03:47 GMT+0200 (Paris, Madrid (heure d’été))
[debug] [2018-05-23T00:14:50.479Z] <<< HTTP RESPONSE 200
[debug] [2018-05-23T00:14:50.520Z] [hosting] .tgz uploaded successfully, waiting for extraction
[info] +  hosting: 124 files uploaded successfully
[debug] [2018-05-23T00:14:51.139Z] [hosting] deploy completed after 679848ms
[debug] [2018-05-23T00:14:51.217Z] >>> HTTP REQUEST POST https://deploy.firebase.com/v1/projects/astoria-webdoc/releases  
 { hosting: 
   { public: 'dist',
     ignore: [ 'firebase.json', '**/.*', '**/node_modules/**' ],
     rewrites: [ [Object] ],
     version: '-LD9IhgXuwP6V8O_g9si',
     prefix: '-LD9IhgXuwP6V8O_g9si/',
     manifest: [] } } 
 Wed May 23 2018 02:14:51 GMT+0200 (Paris, Madrid (heure d’été))
[debug] [2018-05-23T00:14:52.593Z] <<< HTTP RESPONSE 200
[debug] [2018-05-23T00:42:16.991Z] ----------------------------------------------------------------------
[debug] [2018-05-23T00:42:16.995Z] Command:       C:\Program Files\nodejs\node.exe C:\Users\Alex Lafeuille\AppData\Roaming\npm\node_modules\firebase-tools\bin\firebase deploy --debug
[debug] [2018-05-23T00:42:16.996Z] CLI Version:   3.18.5
[debug] [2018-05-23T00:42:17.029Z] Platform:      win32
[debug] [2018-05-23T00:42:17.029Z] Node Version:  v8.9.4
[debug] [2018-05-23T00:42:17.031Z] Time:          Wed May 23 2018 02:42:17 GMT+0200 (Paris, Madrid (heure d’été))
[debug] [2018-05-23T00:42:17.033Z] ----------------------------------------------------------------------
[debug] 
[debug] [2018-05-23T00:42:17.073Z] > command requires scopes: ["email","openid","https://www.googleapis.com/auth/cloudplatformprojects.readonly","https://www.googleapis.com/auth/firebase","https://www.googleapis.com/auth/cloud-platform"]
[debug] [2018-05-23T00:42:17.076Z] > authorizing via signed-in user
[debug] [2018-05-23T00:42:17.080Z] > refreshing access token with scopes: ["email","https://www.googleapis.com/auth/cloud-platform","https://www.googleapis.com/auth/cloudplatformprojects.readonly","https://www.googleapis.com/auth/firebase","openid"]
[debug] [2018-05-23T00:42:17.094Z] >>> HTTP REQUEST POST https://www.googleapis.com/oauth2/v3/token  
 { refresh_token: '1/_rp63rjD48_k-nC4CM9avzccIncjlQoFh_gGLvuQxBU',
  client_id: '563584335869-fgrhgmd47bqnekij5i8b5pr03ho849e6.apps.googleusercontent.com',
  client_secret: 'j9iVZfS8kkCEFUPaAeJV0sAi',
  grant_type: 'refresh_token',
  scope: 'email https://www.googleapis.com/auth/cloud-platform https://www.googleapis.com/auth/cloudplatformprojects.readonly https://www.googleapis.com/auth/firebase openid' } 
 Wed May 23 2018 02:42:17 GMT+0200 (Paris, Madrid (heure d’été))
[debug] [2018-05-23T00:42:17.357Z] <<< HTTP RESPONSE 200
[debug] [2018-05-23T00:42:17.703Z] >>> HTTP REQUEST GET https://admin.firebase.com/v1/projects/astoria-webdoc  
  
 Wed May 23 2018 02:42:17 GMT+0200 (Paris, Madrid (heure d’été))
[debug] [2018-05-23T00:42:18.306Z] <<< HTTP RESPONSE 200
[debug] [2018-05-23T00:42:18.308Z] >>> HTTP REQUEST GET https://admin.firebase.com/v1/database/astoria-webdoc/tokens  
  
 Wed May 23 2018 02:42:18 GMT+0200 (Paris, Madrid (heure d’été))
[debug] [2018-05-23T00:42:18.930Z] <<< HTTP RESPONSE 200
[info] 
[info] === Deploying to 'astoria-webdoc'...
[info] 
[info] i  deploying hosting
[info] i  hosting: preparing dist directory for upload...
[debug] [2018-05-23T00:42:40.389Z] >>> HTTP REQUEST PUT https://deploy.firebase.com/v1/hosting/astoria-webdoc/uploads/-LD9Ra7h15WVaGXtrGLK?fileCount=124&message=  
  
 Wed May 23 2018 02:42:40 GMT+0200 (Paris, Madrid (heure d’été))
[debug] [2018-05-23T00:53:37.271Z] <<< HTTP RESPONSE 200
[debug] [2018-05-23T00:53:37.306Z] [hosting] .tgz uploaded successfully, waiting for extraction
[info] +  hosting: 124 files uploaded successfully
[debug] [2018-05-23T00:53:37.906Z] [hosting] deploy completed after 678305ms
[debug] [2018-05-23T00:53:37.911Z] >>> HTTP REQUEST POST https://deploy.firebase.com/v1/projects/astoria-webdoc/releases  
 { hosting: 
   { public: 'dist',
     ignore: [ 'firebase.json', '**/.*', '**/node_modules/**' ],
     rewrites: [ [Object] ],
     version: '-LD9Ra7h15WVaGXtrGLK',
     prefix: '-LD9Ra7h15WVaGXtrGLK/',
     manifest: [] } } 
 Wed May 23 2018 02:53:37 GMT+0200 (Paris, Madrid (heure d’été))
[debug] [2018-05-23T00:53:39.170Z] <<< HTTP RESPONSE 200
